<?xml version="1.0" encoding="UTF-8"?>
<!-- Generated by org.testng.reporters.JUnitReportReporter -->
<testsuite hostname="vasanths-MacBook-Pro.local" failures="0" tests="1" name="com.amazon.Tests.TestCase" time="33.558" errors="0" timestamp="2022-06-09T10:30:20 IST" skipped="0">
  <testcase classname="com.amazon.Tests.TestCase" name="TaskCreationTest" time="33.558"/>
  <system-out/>
</testsuite> <!-- com.amazon.Tests.TestCase -->
