<?xml version="1.0" encoding="UTF-8"?>
<!-- Generated by org.testng.reporters.JUnitReportReporter -->
<testsuite hostname="vasanths-MacBook-Pro.local" failures="0" tests="1" name="com.amazon.Tests.HomePageTestCase" time="39.979" errors="0" timestamp="2022-06-09T15:40:31 IST" skipped="0">
  <testcase classname="com.amazon.Tests.HomePageTestCase" name="TaskCreationTest" time="39.979"/>
  <system-out/>
</testsuite> <!-- com.amazon.Tests.HomePageTestCase -->
