<?xml version="1.0" encoding="UTF-8"?>
<!-- Generated by org.testng.reporters.JUnitReportReporter -->
<testsuite hostname="vasanths-MacBook-Pro.local" failures="0" tests="1" name="com.amazon.Tests.ProductDetailsTestCase" time="43.553" errors="0" timestamp="2022-06-10T11:33:14 IST" skipped="0">
  <testcase classname="com.amazon.Tests.ProductDetailsTestCase" name="TaskCreationTest" time="43.553"/>
  <system-out/>
</testsuite> <!-- com.amazon.Tests.ProductDetailsTestCase -->
