<?xml version="1.0" encoding="UTF-8"?>
<!-- Generated by org.testng.reporters.JUnitReportReporter -->
<testsuite hostname="vasanths-MacBook-Pro.local" failures="0" tests="1" name="com.amazon.Tests.ProductDetailsTestCase" time="45.614" errors="0" timestamp="2022-06-10T09:40:49 IST" skipped="0">
  <testcase classname="com.amazon.Tests.ProductDetailsTestCase" name="TaskCreationTest" time="45.614"/>
  <system-out/>
</testsuite> <!-- com.amazon.Tests.ProductDetailsTestCase -->
